[main] INFO  com.telefonica.SftpClient  - Conexão exitosa
[main] ERROR com.telefonica.SftpClient  - Erro ao tentar conectar no SFTP: java.net.UnknownHostException: sss
[main] ERROR com.telefonica.SftpClient  - Erro ao tentar conectar no SFTP: Erro ao tentar conectar no SFTP
[main] ERROR com.telefonica.SftpClient  - Erro ao tentar conectar com SFTP
[main] ERROR com.telefonica.SftpClient  - Erro ao tentar conectar no SFTP: Erro ao tentar conectar no SFTP
[main] ERROR com.telefonica.SftpClient  - Erro ao tentar conectar com SFTP
[main] ERROR com.telefonica.SftpClient  - Erro ao tentar conectar no SFTP: Erro ao tentar conectar no SFTP
[main] ERROR com.telefonica.SftpClient  - ()
[main] ERROR com.telefonica.SftpClient  - Erro ao tentar conectar no SFTP: Erro ao tentar conectar no SFTP
[main] ERROR com.telefonica.SftpClient  - ()
[main] ERROR com.telefonica.SftpClient  - Erro ao tentar conectar com o servidor SFTP
[main] INFO  com.telefonica.SftpClient  - Conexão ao servidor SFTP com sucesso
[main] ERROR com.telefonica.SftpClient  - No such file
[main] INFO  com.telefonica.SftpClient  - Conexão ao servidor SFTP com sucesso
[main] ERROR com.telefonica.SftpClient  - ()
[main] INFO  com.telefonica.SftpClient  - Conexão ao servidor SFTP com sucesso
[main] ERROR com.telefonica.SftpClient  - Erro no path: No such file
[main] INFO  com.telefonica.SftpClient  - Conexão ao servidor SFTP com sucesso
[main] ERROR com.telefonica.SftpClient  - No such file
[main] INFO  com.telefonica.SftpClient  - Desconexao do servidor SFTP com sucesso
[main] INFO  com.telefonica.SftpClient  - Conexão ao servidor SFTP com sucesso
[main] ERROR com.telefonica.SftpClient  - No such directory
[main] INFO  com.telefonica.SftpClient  - Desconexao do servidor SFTP com sucesso
[main] INFO  com.telefonica.SftpClient  - Conexão ao servidor SFTP com sucesso
[main] ERROR com.telefonica.SftpClient  - Erro no path: No such directory
[main] INFO  com.telefonica.SftpClient  - Desconexao do servidor SFTP com sucesso
[main] INFO  com.telefonica.SftpClient  - Conexão ao servidor SFTP com sucesso
[main] INFO  com.telefonica.SftpClient  - Desconexao do servidor SFTP com sucesso
[main] INFO  com.telefonica.SftpClient  - Conexão ao servidor SFTP com sucesso
[main] INFO  com.telefonica.SftpClient  - Transferência de arquivo docLocal2.txt para o diretório /home/hdp/Documents/directoriosftp//Local1
[main] INFO  com.telefonica.SftpClient  - Transferência de arquivo servidor5.txt para o diretório /home/hdp/Documents/directoriosftp//carpeta1servidor
[main] INFO  com.telefonica.SftpClient  - Transferência de arquivo otrodocumento.txt para o diretório /home/hdp/Documents/directoriosftp//carpeta1servidor/carpeta3interna
[main] INFO  com.telefonica.SftpClient  - Transferência de arquivo servidor6.csv para o diretório /home/hdp/Documents/directoriosftp//carpeta1servidor
[main] INFO  com.telefonica.SftpClient  - Transferência de arquivo final2.csv para o diretório /home/hdp/Documents/directoriosftp//carpeta2servidor/carpetainterna1
[main] INFO  com.telefonica.SftpClient  - Transferência de arquivo servidor1.txt para o diretório /home/hdp/Documents/directoriosftp//carpeta2servidor
[main] INFO  com.telefonica.SftpClient  - Transferência de arquivo servidor2.txt para o diretório /home/hdp/Documents/directoriosftp//carpeta2servidor
[main] INFO  com.telefonica.SftpClient  - Transferência de arquivo servidor3.csv para o diretório /home/hdp/Documents/directoriosftp//carpeta2servidor
[main] INFO  com.telefonica.SftpClient  - Transferência de arquivo servidorinterna1.txt para o diretório /home/hdp/Documents/directoriosftp//carpeta2servidor/carpetainterna2
[main] INFO  com.telefonica.SftpClient  - Transferência de arquivo servidorfinal.txt para o diretório /home/hdp/Documents/directoriosftp//carpeta2servidor/carpetainterna2/carpetafinal
[main] INFO  com.telefonica.SftpClient  - Transferência de arquivo servidorinterna3.xls para o diretório /home/hdp/Documents/directoriosftp//carpeta2servidor/carpetainterna2
[main] INFO  com.telefonica.SftpClient  - Transferência de arquivo servidorinterna2.csv para o diretório /home/hdp/Documents/directoriosftp//carpeta2servidor/carpetainterna2
[main] INFO  com.telefonica.SftpClient  - Transferência de arquivo servidorinterno.xls para o diretório /home/hdp/Documents/directoriosftp//carpeta2servidor
[main] INFO  com.telefonica.SftpClient  - Transferência de arquivo servidor1.txt para o diretório /home/hdp/Documents/directoriosftp/
[main] INFO  com.telefonica.SftpClient  - Transferência de arquivo servidor2.txt para o diretório /home/hdp/Documents/directoriosftp/
[main] INFO  com.telefonica.SftpClient  - Transferência de arquivo servidor3.csv para o diretório /home/hdp/Documents/directoriosftp/
[main] INFO  com.telefonica.SftpClient  - Desconexao do servidor SFTP com sucesso
[main] INFO  com.telefonica.SftpClient  - Conexão ao servidor SFTP com sucesso
[main] ERROR com.telefonica.SftpClient  - Erro no path: No such file
[main] INFO  com.telefonica.SftpClient  - Desconexao do servidor SFTP com sucesso
[main] INFO  com.telefonica.SftpClient  - Conexão ao servidor SFTP com sucesso
[main] INFO  com.telefonica.SftpClient  - Transferência de arquivo docLocal2.txt para o diretório /home/hdp/Documents/directoriosftp//Local1
[main] INFO  com.telefonica.SftpClient  - Transferência de arquivo servidor5.txt para o diretório /home/hdp/Documents/directoriosftp//carpeta1servidor
[main] INFO  com.telefonica.SftpClient  - Transferência de arquivo otrodocumento.txt para o diretório /home/hdp/Documents/directoriosftp//carpeta1servidor/carpeta3interna
[main] INFO  com.telefonica.SftpClient  - Transferência de arquivo servidor6.csv para o diretório /home/hdp/Documents/directoriosftp//carpeta1servidor
[main] INFO  com.telefonica.SftpClient  - Transferência de arquivo final2.csv para o diretório /home/hdp/Documents/directoriosftp//carpeta2servidor/carpetainterna1
[main] INFO  com.telefonica.SftpClient  - Transferência de arquivo servidor1.txt para o diretório /home/hdp/Documents/directoriosftp//carpeta2servidor
[main] INFO  com.telefonica.SftpClient  - Transferência de arquivo servidor2.txt para o diretório /home/hdp/Documents/directoriosftp//carpeta2servidor
[main] INFO  com.telefonica.SftpClient  - Transferência de arquivo servidor3.csv para o diretório /home/hdp/Documents/directoriosftp//carpeta2servidor
[main] INFO  com.telefonica.SftpClient  - Transferência de arquivo servidorinterna1.txt para o diretório /home/hdp/Documents/directoriosftp//carpeta2servidor/carpetainterna2
[main] INFO  com.telefonica.SftpClient  - Transferência de arquivo servidorfinal.txt para o diretório /home/hdp/Documents/directoriosftp//carpeta2servidor/carpetainterna2/carpetafinal
[main] INFO  com.telefonica.SftpClient  - Transferência de arquivo servidorinterna3.xls para o diretório /home/hdp/Documents/directoriosftp//carpeta2servidor/carpetainterna2
[main] INFO  com.telefonica.SftpClient  - Transferência de arquivo servidorinterna2.csv para o diretório /home/hdp/Documents/directoriosftp//carpeta2servidor/carpetainterna2
[main] INFO  com.telefonica.SftpClient  - Transferência de arquivo servidorinterno.xls para o diretório /home/hdp/Documents/directoriosftp//carpeta2servidor
[main] INFO  com.telefonica.SftpClient  - Transferência de arquivo servidor1.txt para o diretório /home/hdp/Documents/directoriosftp/
[main] INFO  com.telefonica.SftpClient  - Transferência de arquivo servidor2.txt para o diretório /home/hdp/Documents/directoriosftp/
[main] INFO  com.telefonica.SftpClient  - Transferência de arquivo servidor3.csv para o diretório /home/hdp/Documents/directoriosftp/
[main] INFO  com.telefonica.SftpClient  - Desconexao do servidor SFTP com sucesso
[main] INFO  com.telefonica.SftpClient  - Conexão ao servidor SFTP com sucesso
[main] INFO  com.telefonica.SftpClient  - Transferência de arquivo docLocal2.txt para o diretório SFTP: /home/gabi/ftp//Local1
[main] INFO  com.telefonica.SftpClient  - Transferência de arquivo servidor5.txt para o diretório SFTP: /home/gabi/ftp//carpeta1servidor
[main] INFO  com.telefonica.SftpClient  - Transferência de arquivo otrodocumento.txt para o diretório SFTP: /home/gabi/ftp//carpeta1servidor/carpeta3interna
[main] INFO  com.telefonica.SftpClient  - Transferência de arquivo servidor6.csv para o diretório SFTP: /home/gabi/ftp//carpeta1servidor
[main] INFO  com.telefonica.SftpClient  - Transferência de arquivo final2.csv para o diretório SFTP: /home/gabi/ftp//carpeta2servidor/carpetainterna1
[main] INFO  com.telefonica.SftpClient  - Transferência de arquivo servidor1.txt para o diretório SFTP: /home/gabi/ftp//carpeta2servidor
[main] INFO  com.telefonica.SftpClient  - Transferência de arquivo servidor2.txt para o diretório SFTP: /home/gabi/ftp//carpeta2servidor
[main] INFO  com.telefonica.SftpClient  - Transferência de arquivo servidor3.csv para o diretório SFTP: /home/gabi/ftp//carpeta2servidor
[main] INFO  com.telefonica.SftpClient  - Transferência de arquivo servidorinterna1.txt para o diretório SFTP: /home/gabi/ftp//carpeta2servidor/carpetainterna2
[main] INFO  com.telefonica.SftpClient  - Transferência de arquivo servidorfinal.txt para o diretório SFTP: /home/gabi/ftp//carpeta2servidor/carpetainterna2/carpetafinal
[main] INFO  com.telefonica.SftpClient  - Transferência de arquivo servidorinterna3.xls para o diretório SFTP: /home/gabi/ftp//carpeta2servidor/carpetainterna2
[main] INFO  com.telefonica.SftpClient  - Transferência de arquivo servidorinterna2.csv para o diretório SFTP: /home/gabi/ftp//carpeta2servidor/carpetainterna2
[main] INFO  com.telefonica.SftpClient  - Transferência de arquivo servidorinterno.xls para o diretório SFTP: /home/gabi/ftp//carpeta2servidor
[main] INFO  com.telefonica.SftpClient  - Transferência de arquivo servidor1.txt para o diretório SFTP: /home/gabi/ftp/
[main] INFO  com.telefonica.SftpClient  - Transferência de arquivo servidor2.txt para o diretório SFTP: /home/gabi/ftp/
[main] INFO  com.telefonica.SftpClient  - Transferência de arquivo servidor3.csv para o diretório SFTP: /home/gabi/ftp/
[main] INFO  com.telefonica.SftpClient  - Transferência de arquivo docLocal1.txt para o diretório SFTP: /home/gabi/ftp/
